<?xml version="1.0" encoding="UTF-8"?>
<!-- Generated by org.testng.reporters.JUnitReportReporter -->
<testsuite skipped="0" hostname="Srikanths-MacBook-Pro.local" name="com.cba.samplepackage.SampleTest" tests="1" failures="0" timestamp="18 Apr 2018 03:40:31 GMT" time="4.625" errors="0">
  <testcase name="validateTitle" time="4.625" classname="com.cba.samplepackage.SampleTest"/>
</testsuite> <!-- com.cba.samplepackage.SampleTest -->
