<?xml version="1.0" encoding="UTF-8"?>
<!-- Generated by org.testng.reporters.JUnitReportReporter -->
<testsuite skipped="0" hostname="Srikanths-MacBook-Pro.local" name="com.cba.samplepackage.SampleTestTest" tests="1" failures="0" timestamp="18 Apr 2018 03:36:28 GMT" time="0.019" errors="1">
  <testcase name="validateTitle" time="0.019" classname="com.cba.samplepackage.SampleTestTest">
    <error type="java.lang.StackOverflowError">
      <![CDATA[java.lang.StackOverflowError
at com.cba.samplepackage.SampleTestTest.validateTitle(SampleTestTest.java:9)
at com.cba.samplepackage.SampleTestTest.validateTitle(SampleTestTest.java:9)
at com.cba.samplepackage.SampleTestTest.validateTitle(SampleTestTest.java:9)
at com.cba.samplepackage.SampleTestTest.validateTitle(SampleTestTest.java:9)
at com.cba.samplepackage.SampleTestTest.validateTitle(SampleTestTest.java:9)
at com.cba.samplepackage.SampleTestTest.validateTitle(SampleTestTest.java:9)
at com.cba.samplepackage.SampleTestTest.validateTitle(SampleTestTest.java:9)
at com.cba.samplepackage.SampleTestTest.validateTitle(SampleTestTest.java:9)
at com.cba.samplepackage.SampleTestTest.validateTitle(SampleTestTest.java:9)
at com.cba.samplepackage.SampleTestTest.validateTitle(SampleTestTest.java:9)
at com.cba.samplepackage.SampleTestTest.validateTitle(SampleTestTest.java:9)
at com.cba.samplepackage.SampleTestTest.validateTitle(SampleTestTest.java:9)
at com.cba.samplepackage.SampleTestTest.validateTitle(SampleTestTest.java:9)
at com.cba.samplepackage.SampleTestTest.validateTitle(SampleTestTest.java:9)
at com.cba.samplepackage.SampleTestTest.validateTitle(SampleTestTest.java:9)
at com.cba.samplepackage.SampleTestTest.validateTitle(SampleTestTest.java:9)
at com.cba.samplepackage.SampleTestTest.validateTitle(SampleTestTest.java:9)
at com.cba.samplepackage.SampleTestTest.validateTitle(SampleTestTest.java:9)
at com.cba.samplepackage.SampleTestTest.validateTitle(SampleTestTest.java:9)
at com.cba.samplepackage.SampleTestTest.validateTitle(SampleTestTest.java:9)
at com.cba.samplepackage.SampleTestTest.validateTitle(SampleTestTest.java:9)
at com.cba.samplepackage.SampleTestTest.validateTitle(SampleTestTest.java:9)
at com.cba.samplepackage.SampleTestTest.validateTitle(SampleTestTest.java:9)
at com.cba.samplepackage.SampleTestTest.validateTitle(SampleTestTest.java:9)
at com.cba.samplepackage.SampleTestTest.validateTitle(SampleTestTest.java:9)
at com.cba.samplepackage.SampleTestTest.validateTitle(SampleTestTest.java:9)
at com.cba.samplepackage.SampleTestTest.validateTitle(SampleTestTest.java:9)
at com.cba.samplepackage.SampleTestTest.validateTitle(SampleTestTest.java:9)
at com.cba.samplepackage.SampleTestTest.validateTitle(SampleTestTest.java:9)
at com.cba.samplepackage.SampleTestTest.validateTitle(SampleTestTest.java:9)
at com.cba.samplepackage.SampleTestTest.validateTitle(SampleTestTest.java:9)
at com.cba.samplepackage.SampleTestTest.validateTitle(SampleTestTest.java:9)
at com.cba.samplepackage.SampleTestTest.validateTitle(SampleTestTest.java:9)
at com.cba.samplepackage.SampleTestTest.validateTitle(SampleTestTest.java:9)
at com.cba.samplepackage.SampleTestTest.validateTitle(SampleTestTest.java:9)
at com.cba.samplepackage.SampleTestTest.validateTitle(SampleTestTest.java:9)
at com.cba.samplepackage.SampleTestTest.validateTitle(SampleTestTest.java:9)
at com.cba.samplepackage.SampleTestTest.validateTitle(SampleTestTest.java:9)
at com.cba.samplepackage.SampleTestTest.validateTitle(SampleTestTest.java:9)
at com.cba.samplepackage.SampleTestTest.validateTitle(SampleTestTest.java:9)
at com.cba.samplepackage.SampleTestTest.validateTitle(SampleTestTest.java:9)
at com.cba.samplepackage.SampleTestTest.validateTitle(SampleTestTest.java:9)
at com.cba.samplepackage.SampleTestTest.validateTitle(SampleTestTest.java:9)
at com.cba.samplepackage.SampleTestTest.validateTitle(SampleTestTest.java:9)
at com.cba.samplepackage.SampleTestTest.validateTitle(SampleTestTest.java:9)
at com.cba.samplepackage.SampleTestTest.validateTitle(SampleTestTest.java:9)
at com.cba.samplepackage.SampleTestTest.validateTitle(SampleTestTest.java:9)
at com.cba.samplepackage.SampleTestTest.validateTitle(SampleTestTest.java:9)
at com.cba.samplepackage.SampleTestTest.validateTitle(SampleTestTest.java:9)
at com.cba.samplepackage.SampleTestTest.validateTitle(SampleTestTest.java:9)
at com.cba.samplepackage.SampleTestTest.validateTitle(SampleTestTest.java:9)
at com.cba.samplepackage.SampleTestTest.validateTitle(SampleTestTest.java:9)
at com.cba.samplepackage.SampleTestTest.validateTitle(SampleTestTest.java:9)
at com.cba.samplepackage.SampleTestTest.validateTitle(SampleTestTest.java:9)
at com.cba.samplepackage.SampleTestTest.validateTitle(SampleTestTest.java:9)
at com.cba.samplepackage.SampleTestTest.validateTitle(SampleTestTest.java:9)
at com.cba.samplepackage.SampleTestTest.validateTitle(SampleTestTest.java:9)
at com.cba.samplepackage.SampleTestTest.validateTitle(SampleTestTest.java:9)
at com.cba.samplepackage.SampleTestTest.validateTitle(SampleTestTest.java:9)
at com.cba.samplepackage.SampleTestTest.validateTitle(SampleTestTest.java:9)
at com.cba.samplepackage.SampleTestTest.validateTitle(SampleTestTest.java:9)
at com.cba.samplepackage.SampleTestTest.validateTitle(SampleTestTest.java:9)
at com.cba.samplepackage.SampleTestTest.validateTitle(SampleTestTest.java:9)
at com.cba.samplepackage.SampleTestTest.validateTitle(SampleTestTest.java:9)
at com.cba.samplepackage.SampleTestTest.validateTitle(SampleTestTest.java:9)
at com.cba.samplepackage.SampleTestTest.validateTitle(SampleTestTest.java:9)
at com.cba.samplepackage.SampleTestTest.validateTitle(SampleTestTest.java:9)
at com.cba.samplepackage.SampleTestTest.validateTitle(SampleTestTest.java:9)
at com.cba.samplepackage.SampleTestTest.validateTitle(SampleTestTest.java:9)
at com.cba.samplepackage.SampleTestTest.validateTitle(SampleTestTest.java:9)
at com.cba.samplepackage.SampleTestTest.validateTitle(SampleTestTest.java:9)
at com.cba.samplepackage.SampleTestTest.validateTitle(SampleTestTest.java:9)
at com.cba.samplepackage.SampleTestTest.validateTitle(SampleTestTest.java:9)
at com.cba.samplepackage.SampleTestTest.validateTitle(SampleTestTest.java:9)
at com.cba.samplepackage.SampleTestTest.validateTitle(SampleTestTest.java:9)
at com.cba.samplepackage.SampleTestTest.validateTitle(SampleTestTest.java:9)
at com.cba.samplepackage.SampleTestTest.validateTitle(SampleTestTest.java:9)
at com.cba.samplepackage.SampleTestTest.validateTitle(SampleTestTest.java:9)
at com.cba.samplepackage.SampleTestTest.validateTitle(SampleTestTest.java:9)
at com.cba.samplepackage.SampleTestTest.validateTitle(SampleTestTest.java:9)
at com.cba.samplepackage.SampleTestTest.validateTitle(SampleTestTest.java:9)
at com.cba.samplepackage.SampleTestTest.validateTitle(SampleTestTest.java:9)
at com.cba.samplepackage.SampleTestTest.validateTitle(SampleTestTest.java:9)
at com.cba.samplepackage.SampleTestTest.validateTitle(SampleTestTest.java:9)
at com.cba.samplepackage.SampleTestTest.validateTitle(SampleTestTest.java:9)
at com.cba.samplepackage.SampleTestTest.validateTitle(SampleTestTest.java:9)
at com.cba.samplepackage.SampleTestTest.validateTitle(SampleTestTest.java:9)
at com.cba.samplepackage.SampleTestTest.validateTitle(SampleTestTest.java:9)
at com.cba.samplepackage.SampleTestTest.validateTitle(SampleTestTest.java:9)
at com.cba.samplepackage.SampleTestTest.validateTitle(SampleTestTest.java:9)
at com.cba.samplepackage.SampleTestTest.validateTitle(SampleTestTest.java:9)
at com.cba.samplepackage.SampleTestTest.validateTitle(SampleTestTest.java:9)
at com.cba.samplepackage.SampleTestTest.validateTitle(SampleTestTest.java:9)
at com.cba.samplepackage.SampleTestTest.validateTitle(SampleTestTest.java:9)
at com.cba.samplepackage.SampleTestTest.validateTitle(SampleTestTest.java:9)
at com.cba.samplepackage.SampleTestTest.validateTitle(SampleTestTest.java:9)
at com.cba.samplepackage.SampleTestTest.validateTitle(SampleTestTest.java:9)
at com.cba.samplepackage.SampleTestTest.validateTitle(SampleTestTest.java:9)
at com.cba.samplepackage.SampleTestTest.validateTitle(SampleTestTest.java:9)
at com.cba.samplepackage.SampleTestTest.validateTitle(SampleTestTest.java:9)
at com.cba.samplepackage.SampleTestTest.validateTitle(SampleTestTest.java:9)
at com.cba.samplepackage.SampleTestTest.validateTitle(SampleTestTest.java:9)
at com.cba.samplepackage.SampleTestTest.validateTitle(SampleTestTest.java:9)
at com.cba.samplepackage.SampleTestTest.validateTitle(SampleTestTest.java:9)
at com.cba.samplepackage.SampleTestTest.validateTitle(SampleTestTest.java:9)
at com.cba.samplepackage.SampleTestTest.validateTitle(SampleTestTest.java:9)
at com.cba.samplepackage.SampleTestTest.validateTitle(SampleTestTest.java:9)
at com.cba.samplepackage.SampleTestTest.validateTitle(SampleTestTest.java:9)
at com.cba.samplepackage.SampleTestTest.validateTitle(SampleTestTest.java:9)
at com.cba.samplepackage.SampleTestTest.validateTitle(SampleTestTest.java:9)
at com.cba.samplepackage.SampleTestTest.validateTitle(SampleTestTest.java:9)
at com.cba.samplepackage.SampleTestTest.validateTitle(SampleTestTest.java:9)
at com.cba.samplepackage.SampleTestTest.validateTitle(SampleTestTest.java:9)
at com.cba.samplepackage.SampleTestTest.validateTitle(SampleTestTest.java:9)
at com.cba.samplepackage.SampleTestTest.validateTitle(SampleTestTest.java:9)
at com.cba.samplepackage.SampleTestTest.validateTitle(SampleTestTest.java:9)
at com.cba.samplepackage.SampleTestTest.validateTitle(SampleTestTest.java:9)
at com.cba.samplepackage.SampleTestTest.validateTitle(SampleTestTest.java:9)
at com.cba.samplepackage.SampleTestTest.validateTitle(SampleTestTest.java:9)
at com.cba.samplepackage.SampleTestTest.validateTitle(SampleTestTest.java:9)
at com.cba.samplepackage.SampleTestTest.validateTitle(SampleTestTest.java:9)
at com.cba.samplepackage.SampleTestTest.validateTitle(SampleTestTest.java:9)
at com.cba.samplepackage.SampleTestTest.validateTitle(SampleTestTest.java:9)
at com.cba.samplepackage.SampleTestTest.validateTitle(SampleTestTest.java:9)
at com.cba.samplepackage.SampleTestTest.validateTitle(SampleTestTest.java:9)
at com.cba.samplepackage.SampleTestTest.validateTitle(SampleTestTest.java:9)
at com.cba.samplepackage.SampleTestTest.validateTitle(SampleTestTest.java:9)
at com.cba.samplepackage.SampleTestTest.validateTitle(SampleTestTest.java:9)
at com.cba.samplepackage.SampleTestTest.validateTitle(SampleTestTest.java:9)
at com.cba.samplepackage.SampleTestTest.validateTitle(SampleTestTest.java:9)
at com.cba.samplepackage.SampleTestTest.validateTitle(SampleTestTest.java:9)
at com.cba.samplepackage.SampleTestTest.validateTitle(SampleTestTest.java:9)
at com.cba.samplepackage.SampleTestTest.validateTitle(SampleTestTest.java:9)
at com.cba.samplepackage.SampleTestTest.validateTitle(SampleTestTest.java:9)
at com.cba.samplepackage.SampleTestTest.validateTitle(SampleTestTest.java:9)
at com.cba.samplepackage.SampleTestTest.validateTitle(SampleTestTest.java:9)
at com.cba.samplepackage.SampleTestTest.validateTitle(SampleTestTest.java:9)
at com.cba.samplepackage.SampleTestTest.validateTitle(SampleTestTest.java:9)
at com.cba.samplepackage.SampleTestTest.validateTitle(SampleTestTest.java:9)
at com.cba.samplepackage.SampleTestTest.validateTitle(SampleTestTest.java:9)
at com.cba.samplepackage.SampleTestTest.validateTitle(SampleTestTest.java:9)
at com.cba.samplepackage.SampleTestTest.validateTitle(SampleTestTest.java:9)
at com.cba.samplepackage.SampleTestTest.validateTitle(SampleTestTest.java:9)
at com.cba.samplepackage.SampleTestTest.validateTitle(SampleTestTest.java:9)
at com.cba.samplepackage.SampleTestTest.validateTitle(SampleTestTest.java:9)
at com.cba.samplepackage.SampleTestTest.validateTitle(SampleTestTest.java:9)
at com.cba.samplepackage.SampleTestTest.validateTitle(SampleTestTest.java:9)
at com.cba.samplepackage.SampleTestTest.validateTitle(SampleTestTest.java:9)
at com.cba.samplepackage.SampleTestTest.validateTitle(SampleTestTest.java:9)
at com.cba.samplepackage.SampleTestTest.validateTitle(SampleTestTest.java:9)
at com.cba.samplepackage.SampleTestTest.validateTitle(SampleTestTest.java:9)
at com.cba.samplepackage.SampleTestTest.validateTitle(SampleTestTest.java:9)
at com.cba.samplepackage.SampleTestTest.validateTitle(SampleTestTest.java:9)
at com.cba.samplepackage.SampleTestTest.validateTitle(SampleTestTest.java:9)
at com.cba.samplepackage.SampleTestTest.validateTitle(SampleTestTest.java:9)
at com.cba.samplepackage.SampleTestTest.validateTitle(SampleTestTest.java:9)
at com.cba.samplepackage.SampleTestTest.validateTitle(SampleTestTest.java:9)
at com.cba.samplepackage.SampleTestTest.validateTitle(SampleTestTest.java:9)
at com.cba.samplepackage.SampleTestTest.validateTitle(SampleTestTest.java:9)
at com.cba.samplepackage.SampleTestTest.validateTitle(SampleTestTest.java:9)
at com.cba.samplepackage.SampleTestTest.validateTitle(SampleTestTest.java:9)
at com.cba.samplepackage.SampleTestTest.validateTitle(SampleTestTest.java:9)
at com.cba.samplepackage.SampleTestTest.validateTitle(SampleTestTest.java:9)
at com.cba.samplepackage.SampleTestTest.validateTitle(SampleTestTest.java:9)
at com.cba.samplepackage.SampleTestTest.validateTitle(SampleTestTest.java:9)
at com.cba.samplepackage.SampleTestTest.validateTitle(SampleTestTest.java:9)
at com.cba.samplepackage.SampleTestTest.validateTitle(SampleTestTest.java:9)
at com.cba.samplepackage.SampleTestTest.validateTitle(SampleTestTest.java:9)
at com.cba.samplepackage.SampleTestTest.validateTitle(SampleTestTest.java:9)
at com.cba.samplepackage.SampleTestTest.validateTitle(SampleTestTest.java:9)
at com.cba.samplepackage.SampleTestTest.validateTitle(SampleTestTest.java:9)
at com.cba.samplepackage.SampleTestTest.validateTitle(SampleTestTest.java:9)
at com.cba.samplepackage.SampleTestTest.validateTitle(SampleTestTest.java:9)
at com.cba.samplepackage.SampleTestTest.validateTitle(SampleTestTest.java:9)
at com.cba.samplepackage.SampleTestTest.validateTitle(SampleTestTest.java:9)
at com.cba.samplepackage.SampleTestTest.validateTitle(SampleTestTest.java:9)
at com.cba.samplepackage.SampleTestTest.validateTitle(SampleTestTest.java:9)
at com.cba.samplepackage.SampleTestTest.validateTitle(SampleTestTest.java:9)
at com.cba.samplepackage.SampleTestTest.validateTitle(SampleTestTest.java:9)
at com.cba.samplepackage.SampleTestTest.validateTitle(SampleTestTest.java:9)
at com.cba.samplepackage.SampleTestTest.validateTitle(SampleTestTest.java:9)
at com.cba.samplepackage.SampleTestTest.validateTitle(SampleTestTest.java:9)
at com.cba.samplepackage.SampleTestTest.validateTitle(SampleTestTest.java:9)
at com.cba.samplepackage.SampleTestTest.validateTitle(SampleTestTest.java:9)
at com.cba.samplepackage.SampleTestTest.validateTitle(SampleTestTest.java:9)
at com.cba.samplepackage.SampleTestTest.validateTitle(SampleTestTest.java:9)
at com.cba.samplepackage.SampleTestTest.validateTitle(SampleTestTest.java:9)
at com.cba.samplepackage.SampleTestTest.validateTitle(SampleTestTest.java:9)
at com.cba.samplepackage.SampleTestTest.validateTitle(SampleTestTest.java:9)
at com.cba.samplepackage.SampleTestTest.validateTitle(SampleTestTest.java:9)
at com.cba.samplepackage.SampleTestTest.validateTitle(SampleTestTest.java:9)
at com.cba.samplepackage.SampleTestTest.validateTitle(SampleTestTest.java:9)
at com.cba.samplepackage.SampleTestTest.validateTitle(SampleTestTest.java:9)
at com.cba.samplepackage.SampleTestTest.validateTitle(SampleTestTest.java:9)
at com.cba.samplepackage.SampleTestTest.validateTitle(SampleTestTest.java:9)
at com.cba.samplepackage.SampleTestTest.validateTitle(SampleTestTest.java:9)
at com.cba.samplepackage.SampleTestTest.validateTitle(SampleTestTest.java:9)
at com.cba.samplepackage.SampleTestTest.validateTitle(SampleTestTest.java:9)
at com.cba.samplepackage.SampleTestTest.validateTitle(SampleTestTest.java:9)
at com.cba.samplepackage.SampleTestTest.validateTitle(SampleTestTest.java:9)
at com.cba.samplepackage.SampleTestTest.validateTitle(SampleTestTest.java:9)
at com.cba.samplepackage.SampleTestTest.validateTitle(SampleTestTest.java:9)
at com.cba.samplepackage.SampleTestTest.validateTitle(SampleTestTest.java:9)
at com.cba.samplepackage.SampleTestTest.validateTitle(SampleTestTest.java:9)
at com.cba.samplepackage.SampleTestTest.validateTitle(SampleTestTest.java:9)
at com.cba.samplepackage.SampleTestTest.validateTitle(SampleTestTest.java:9)
at com.cba.samplepackage.SampleTestTest.validateTitle(SampleTestTest.java:9)
at com.cba.samplepackage.SampleTestTest.validateTitle(SampleTestTest.java:9)
at com.cba.samplepackage.SampleTestTest.validateTitle(SampleTestTest.java:9)
at com.cba.samplepackage.SampleTestTest.validateTitle(SampleTestTest.java:9)
at com.cba.samplepackage.SampleTestTest.validateTitle(SampleTestTest.java:9)
at com.cba.samplepackage.SampleTestTest.validateTitle(SampleTestTest.java:9)
at com.cba.samplepackage.SampleTestTest.validateTitle(SampleTestTest.java:9)
at com.cba.samplepackage.SampleTestTest.validateTitle(SampleTestTest.java:9)
at com.cba.samplepackage.SampleTestTest.validateTitle(SampleTestTest.java:9)
at com.cba.samplepackage.SampleTestTest.validateTitle(SampleTestTest.java:9)
at com.cba.samplepackage.SampleTestTest.validateTitle(SampleTestTest.java:9)
at com.cba.samplepackage.SampleTestTest.validateTitle(SampleTestTest.java:9)
at com.cba.samplepackage.SampleTestTest.validateTitle(SampleTestTest.java:9)
at com.cba.samplepackage.SampleTestTest.validateTitle(SampleTestTest.java:9)
at com.cba.samplepackage.SampleTestTest.validateTitle(SampleTestTest.java:9)
at com.cba.samplepackage.SampleTestTest.validateTitle(SampleTestTest.java:9)
at com.cba.samplepackage.SampleTestTest.validateTitle(SampleTestTest.java:9)
at com.cba.samplepackage.SampleTestTest.validateTitle(SampleTestTest.java:9)
at com.cba.samplepackage.SampleTestTest.validateTitle(SampleTestTest.java:9)
at com.cba.samplepackage.SampleTestTest.validateTitle(SampleTestTest.java:9)
at com.cba.samplepackage.SampleTestTest.validateTitle(SampleTestTest.java:9)
at com.cba.samplepackage.SampleTestTest.validateTitle(SampleTestTest.java:9)
at com.cba.samplepackage.SampleTestTest.validateTitle(SampleTestTest.java:9)
at com.cba.samplepackage.SampleTestTest.validateTitle(SampleTestTest.java:9)
at com.cba.samplepackage.SampleTestTest.validateTitle(SampleTestTest.java:9)
at com.cba.samplepackage.SampleTestTest.validateTitle(SampleTestTest.java:9)
at com.cba.samplepackage.SampleTestTest.validateTitle(SampleTestTest.java:9)
at com.cba.samplepackage.SampleTestTest.validateTitle(SampleTestTest.java:9)
at com.cba.samplepackage.SampleTestTest.validateTitle(SampleTestTest.java:9)
at com.cba.samplepackage.SampleTestTest.validateTitle(SampleTestTest.java:9)
at com.cba.samplepackage.SampleTestTest.validateTitle(SampleTestTest.java:9)
at com.cba.samplepackage.SampleTestTest.validateTitle(SampleTestTest.java:9)
at com.cba.samplepackage.SampleTestTest.validateTitle(SampleTestTest.java:9)
at com.cba.samplepackage.SampleTestTest.validateTitle(SampleTestTest.java:9)
at com.cba.samplepackage.SampleTestTest.validateTitle(SampleTestTest.java:9)
at com.cba.samplepackage.SampleTestTest.validateTitle(SampleTestTest.java:9)
at com.cba.samplepackage.SampleTestTest.validateTitle(SampleTestTest.java:9)
at com.cba.samplepackage.SampleTestTest.validateTitle(SampleTestTest.java:9)
at com.cba.samplepackage.SampleTestTest.validateTitle(SampleTestTest.java:9)
at com.cba.samplepackage.SampleTestTest.validateTitle(SampleTestTest.java:9)
at com.cba.samplepackage.SampleTestTest.validateTitle(SampleTestTest.java:9)
at com.cba.samplepackage.SampleTestTest.validateTitle(SampleTestTest.java:9)
at com.cba.samplepackage.SampleTestTest.validateTitle(SampleTestTest.java:9)
at com.cba.samplepackage.SampleTestTest.validateTitle(SampleTestTest.java:9)
at com.cba.samplepackage.SampleTestTest.validateTitle(SampleTestTest.java:9)
at com.cba.samplepackage.SampleTestTest.validateTitle(SampleTestTest.java:9)
at com.cba.samplepackage.SampleTestTest.validateTitle(SampleTestTest.java:9)
at com.cba.samplepackage.SampleTestTest.validateTitle(SampleTestTest.java:9)
at com.cba.samplepackage.SampleTestTest.validateTitle(SampleTestTest.java:9)
at com.cba.samplepackage.SampleTestTest.validateTitle(SampleTestTest.java:9)
at com.cba.samplepackage.SampleTestTest.validateTitle(SampleTestTest.java:9)
at com.cba.samplepackage.SampleTestTest.validateTitle(SampleTestTest.java:9)
at com.cba.samplepackage.SampleTestTest.validateTitle(SampleTestTest.java:9)
at com.cba.samplepackage.SampleTestTest.validateTitle(SampleTestTest.java:9)
at com.cba.samplepackage.SampleTestTest.validateTitle(SampleTestTest.java:9)
at com.cba.samplepackage.SampleTestTest.validateTitle(SampleTestTest.java:9)
at com.cba.samplepackage.SampleTestTest.validateTitle(SampleTestTest.java:9)
at com.cba.samplepackage.SampleTestTest.validateTitle(SampleTestTest.java:9)
at com.cba.samplepackage.SampleTestTest.validateTitle(SampleTestTest.java:9)
at com.cba.samplepackage.SampleTestTest.validateTitle(SampleTestTest.java:9)
at com.cba.samplepackage.SampleTestTest.validateTitle(SampleTestTest.java:9)
at com.cba.samplepackage.SampleTestTest.validateTitle(SampleTestTest.java:9)
at com.cba.samplepackage.SampleTestTest.validateTitle(SampleTestTest.java:9)
at com.cba.samplepackage.SampleTestTest.validateTitle(SampleTestTest.java:9)
at com.cba.samplepackage.SampleTestTest.validateTitle(SampleTestTest.java:9)
at com.cba.samplepackage.SampleTestTest.validateTitle(SampleTestTest.java:9)
at com.cba.samplepackage.SampleTestTest.validateTitle(SampleTestTest.java:9)
at com.cba.samplepackage.SampleTestTest.validateTitle(SampleTestTest.java:9)
at com.cba.samplepackage.SampleTestTest.validateTitle(SampleTestTest.java:9)
at com.cba.samplepackage.SampleTestTest.validateTitle(SampleTestTest.java:9)
at com.cba.samplepackage.SampleTestTest.validateTitle(SampleTestTest.java:9)
at com.cba.samplepackage.SampleTestTest.validateTitle(SampleTestTest.java:9)
at com.cba.samplepackage.SampleTestTest.validateTitle(SampleTestTest.java:9)
at com.cba.samplepackage.SampleTestTest.validateTitle(SampleTestTest.java:9)
at com.cba.samplepackage.SampleTestTest.validateTitle(SampleTestTest.java:9)
at com.cba.samplepackage.SampleTestTest.validateTitle(SampleTestTest.java:9)
at com.cba.samplepackage.SampleTestTest.validateTitle(SampleTestTest.java:9)
at com.cba.samplepackage.SampleTestTest.validateTitle(SampleTestTest.java:9)
at com.cba.samplepackage.SampleTestTest.validateTitle(SampleTestTest.java:9)
at com.cba.samplepackage.SampleTestTest.validateTitle(SampleTestTest.java:9)
at com.cba.samplepackage.SampleTestTest.validateTitle(SampleTestTest.java:9)
at com.cba.samplepackage.SampleTestTest.validateTitle(SampleTestTest.java:9)
at com.cba.samplepackage.SampleTestTest.validateTitle(SampleTestTest.java:9)
at com.cba.samplepackage.SampleTestTest.validateTitle(SampleTestTest.java:9)
at com.cba.samplepackage.SampleTestTest.validateTitle(SampleTestTest.java:9)
at com.cba.samplepackage.SampleTestTest.validateTitle(SampleTestTest.java:9)
at com.cba.samplepackage.SampleTestTest.validateTitle(SampleTestTest.java:9)
at com.cba.samplepackage.SampleTestTest.validateTitle(SampleTestTest.java:9)
at com.cba.samplepackage.SampleTestTest.validateTitle(SampleTestTest.java:9)
at com.cba.samplepackage.SampleTestTest.validateTitle(SampleTestTest.java:9)
at com.cba.samplepackage.SampleTestTest.validateTitle(SampleTestTest.java:9)
at com.cba.samplepackage.SampleTestTest.validateTitle(SampleTestTest.java:9)
at com.cba.samplepackage.SampleTestTest.validateTitle(SampleTestTest.java:9)
at com.cba.samplepackage.SampleTestTest.validateTitle(SampleTestTest.java:9)
at com.cba.samplepackage.SampleTestTest.validateTitle(SampleTestTest.java:9)
at com.cba.samplepackage.SampleTestTest.validateTitle(SampleTestTest.java:9)
at com.cba.samplepackage.SampleTestTest.validateTitle(SampleTestTest.java:9)
at com.cba.samplepackage.SampleTestTest.validateTitle(SampleTestTest.java:9)
at com.cba.samplepackage.SampleTestTest.validateTitle(SampleTestTest.java:9)
at com.cba.samplepackage.SampleTestTest.validateTitle(SampleTestTest.java:9)
at com.cba.samplepackage.SampleTestTest.validateTitle(SampleTestTest.java:9)
at com.cba.samplepackage.SampleTestTest.validateTitle(SampleTestTest.java:9)
at com.cba.samplepackage.SampleTestTest.validateTitle(SampleTestTest.java:9)
at com.cba.samplepackage.SampleTestTest.validateTitle(SampleTestTest.java:9)
at com.cba.samplepackage.SampleTestTest.validateTitle(SampleTestTest.java:9)
at com.cba.samplepackage.SampleTestTest.validateTitle(SampleTestTest.java:9)
at com.cba.samplepackage.SampleTestTest.validateTitle(SampleTestTest.java:9)
at com.cba.samplepackage.SampleTestTest.validateTitle(SampleTestTest.java:9)
at com.cba.samplepackage.SampleTestTest.validateTitle(SampleTestTest.java:9)
at com.cba.samplepackage.SampleTestTest.validateTitle(SampleTestTest.java:9)
at com.cba.samplepackage.SampleTestTest.validateTitle(SampleTestTest.java:9)
at com.cba.samplepackage.SampleTestTest.validateTitle(SampleTestTest.java:9)
at com.cba.samplepackage.SampleTestTest.validateTitle(SampleTestTest.java:9)
at com.cba.samplepackage.SampleTestTest.validateTitle(SampleTestTest.java:9)
at com.cba.samplepackage.SampleTestTest.validateTitle(SampleTestTest.java:9)
at com.cba.samplepackage.SampleTestTest.validateTitle(SampleTestTest.java:9)
at com.cba.samplepackage.SampleTestTest.validateTitle(SampleTestTest.java:9)
at com.cba.samplepackage.SampleTestTest.validateTitle(SampleTestTest.java:9)
at com.cba.samplepackage.SampleTestTest.validateTitle(SampleTestTest.java:9)
at com.cba.samplepackage.SampleTestTest.validateTitle(SampleTestTest.java:9)
at com.cba.samplepackage.SampleTestTest.validateTitle(SampleTestTest.java:9)
at com.cba.samplepackage.SampleTestTest.validateTitle(SampleTestTest.java:9)
at com.cba.samplepackage.SampleTestTest.validateTitle(SampleTestTest.java:9)
at com.cba.samplepackage.SampleTestTest.validateTitle(SampleTestTest.java:9)
at com.cba.samplepackage.SampleTestTest.validateTitle(SampleTestTest.java:9)
at com.cba.samplepackage.SampleTestTest.validateTitle(SampleTestTest.java:9)
at com.cba.samplepackage.SampleTestTest.validateTitle(SampleTestTest.java:9)
at com.cba.samplepackage.SampleTestTest.validateTitle(SampleTestTest.java:9)
at com.cba.samplepackage.SampleTestTest.validateTitle(SampleTestTest.java:9)
at com.cba.samplepackage.SampleTestTest.validateTitle(SampleTestTest.java:9)
at com.cba.samplepackage.SampleTestTest.validateTitle(SampleTestTest.java:9)
at com.cba.samplepackage.SampleTestTest.validateTitle(SampleTestTest.java:9)
at com.cba.samplepackage.SampleTestTest.validateTitle(SampleTestTest.java:9)
at com.cba.samplepackage.SampleTestTest.validateTitle(SampleTestTest.java:9)
at com.cba.samplepackage.SampleTestTest.validateTitle(SampleTestTest.java:9)
at com.cba.samplepackage.SampleTestTest.validateTitle(SampleTestTest.java:9)
at com.cba.samplepackage.SampleTestTest.validateTitle(SampleTestTest.java:9)
at com.cba.samplepackage.SampleTestTest.validateTitle(SampleTestTest.java:9)
at com.cba.samplepackage.SampleTestTest.validateTitle(SampleTestTest.java:9)
at com.cba.samplepackage.SampleTestTest.validateTitle(SampleTestTest.java:9)
at com.cba.samplepackage.SampleTestTest.validateTitle(SampleTestTest.java:9)
at com.cba.samplepackage.SampleTestTest.validateTitle(SampleTestTest.java:9)
at com.cba.samplepackage.SampleTestTest.validateTitle(SampleTestTest.java:9)
at com.cba.samplepackage.SampleTestTest.validateTitle(SampleTestTest.java:9)
at com.cba.samplepackage.SampleTestTest.validateTitle(SampleTestTest.java:9)
at com.cba.samplepackage.SampleTestTest.validateTitle(SampleTestTest.java:9)
at com.cba.samplepackage.SampleTestTest.validateTitle(SampleTestTest.java:9)
at com.cba.samplepackage.SampleTestTest.validateTitle(SampleTestTest.java:9)
at com.cba.samplepackage.SampleTestTest.validateTitle(SampleTestTest.java:9)
at com.cba.samplepackage.SampleTestTest.validateTitle(SampleTestTest.java:9)
at com.cba.samplepackage.SampleTestTest.validateTitle(SampleTestTest.java:9)
at com.cba.samplepackage.SampleTestTest.validateTitle(SampleTestTest.java:9)
at com.cba.samplepackage.SampleTestTest.validateTitle(SampleTestTest.java:9)
at com.cba.samplepackage.SampleTestTest.validateTitle(SampleTestTest.java:9)
at com.cba.samplepackage.SampleTestTest.validateTitle(SampleTestTest.java:9)
at com.cba.samplepackage.SampleTestTest.validateTitle(SampleTestTest.java:9)
at com.cba.samplepackage.SampleTestTest.validateTitle(SampleTestTest.java:9)
at com.cba.samplepackage.SampleTestTest.validateTitle(SampleTestTest.java:9)
at com.cba.samplepackage.SampleTestTest.validateTitle(SampleTestTest.java:9)
at com.cba.samplepackage.SampleTestTest.validateTitle(SampleTestTest.java:9)
at com.cba.samplepackage.SampleTestTest.validateTitle(SampleTestTest.java:9)
at com.cba.samplepackage.SampleTestTest.validateTitle(SampleTestTest.java:9)
at com.cba.samplepackage.SampleTestTest.validateTitle(SampleTestTest.java:9)
at com.cba.samplepackage.SampleTestTest.validateTitle(SampleTestTest.java:9)
at com.cba.samplepackage.SampleTestTest.validateTitle(SampleTestTest.java:9)
at com.cba.samplepackage.SampleTestTest.validateTitle(SampleTestTest.java:9)
at com.cba.samplepackage.SampleTestTest.validateTitle(SampleTestTest.java:9)
at com.cba.samplepackage.SampleTestTest.validateTitle(SampleTestTest.java:9)
at com.cba.samplepackage.SampleTestTest.validateTitle(SampleTestTest.java:9)
at com.cba.samplepackage.SampleTestTest.validateTitle(SampleTestTest.java:9)
at com.cba.samplepackage.SampleTestTest.validateTitle(SampleTestTest.java:9)
at com.cba.samplepackage.SampleTestTest.validateTitle(SampleTestTest.java:9)
at com.cba.samplepackage.SampleTestTest.validateTitle(SampleTestTest.java:9)
at com.cba.samplepackage.SampleTestTest.validateTitle(SampleTestTest.java:9)
at com.cba.samplepackage.SampleTestTest.validateTitle(SampleTestTest.java:9)
at com.cba.samplepackage.SampleTestTest.validateTitle(SampleTestTest.java:9)
at com.cba.samplepackage.SampleTestTest.validateTitle(SampleTestTest.java:9)
at com.cba.samplepackage.SampleTestTest.validateTitle(SampleTestTest.java:9)
at com.cba.samplepackage.SampleTestTest.validateTitle(SampleTestTest.java:9)
at com.cba.samplepackage.SampleTestTest.validateTitle(SampleTestTest.java:9)
at com.cba.samplepackage.SampleTestTest.validateTitle(SampleTestTest.java:9)
at com.cba.samplepackage.SampleTestTest.validateTitle(SampleTestTest.java:9)
at com.cba.samplepackage.SampleTestTest.validateTitle(SampleTestTest.java:9)
at com.cba.samplepackage.SampleTestTest.validateTitle(SampleTestTest.java:9)
at com.cba.samplepackage.SampleTestTest.validateTitle(SampleTestTest.java:9)
at com.cba.samplepackage.SampleTestTest.validateTitle(SampleTestTest.java:9)
at com.cba.samplepackage.SampleTestTest.validateTitle(SampleTestTest.java:9)
at com.cba.samplepackage.SampleTestTest.validateTitle(SampleTestTest.java:9)
at com.cba.samplepackage.SampleTestTest.validateTitle(SampleTestTest.java:9)
at com.cba.samplepackage.SampleTestTest.validateTitle(SampleTestTest.java:9)
at com.cba.samplepackage.SampleTestTest.validateTitle(SampleTestTest.java:9)
at com.cba.samplepackage.SampleTestTest.validateTitle(SampleTestTest.java:9)
at com.cba.samplepackage.SampleTestTest.validateTitle(SampleTestTest.java:9)
at com.cba.samplepackage.SampleTestTest.validateTitle(SampleTestTest.java:9)
at com.cba.samplepackage.SampleTestTest.validateTitle(SampleTestTest.java:9)
at com.cba.samplepackage.SampleTestTest.validateTitle(SampleTestTest.java:9)
at com.cba.samplepackage.SampleTestTest.validateTitle(SampleTestTest.java:9)
at com.cba.samplepackage.SampleTestTest.validateTitle(SampleTestTest.java:9)
at com.cba.samplepackage.SampleTestTest.validateTitle(SampleTestTest.java:9)
at com.cba.samplepackage.SampleTestTest.validateTitle(SampleTestTest.java:9)
at com.cba.samplepackage.SampleTestTest.validateTitle(SampleTestTest.java:9)
at com.cba.samplepackage.SampleTestTest.validateTitle(SampleTestTest.java:9)
at com.cba.samplepackage.SampleTestTest.validateTitle(SampleTestTest.java:9)
at com.cba.samplepackage.SampleTestTest.validateTitle(SampleTestTest.java:9)
at com.cba.samplepackage.SampleTestTest.validateTitle(SampleTestTest.java:9)
at com.cba.samplepackage.SampleTestTest.validateTitle(SampleTestTest.java:9)
at com.cba.samplepackage.SampleTestTest.validateTitle(SampleTestTest.java:9)
at com.cba.samplepackage.SampleTestTest.validateTitle(SampleTestTest.java:9)
at com.cba.samplepackage.SampleTestTest.validateTitle(SampleTestTest.java:9)
at com.cba.samplepackage.SampleTestTest.validateTitle(SampleTestTest.java:9)
at com.cba.samplepackage.SampleTestTest.validateTitle(SampleTestTest.java:9)
at com.cba.samplepackage.SampleTestTest.validateTitle(SampleTestTest.java:9)
at com.cba.samplepackage.SampleTestTest.validateTitle(SampleTestTest.java:9)
at com.cba.samplepackage.SampleTestTest.validateTitle(SampleTestTest.java:9)
at com.cba.samplepackage.SampleTestTest.validateTitle(SampleTestTest.java:9)
at com.cba.samplepackage.SampleTestTest.validateTitle(SampleTestTest.java:9)
at com.cba.samplepackage.SampleTestTest.validateTitle(SampleTestTest.java:9)
at com.cba.samplepackage.SampleTestTest.validateTitle(SampleTestTest.java:9)
at com.cba.samplepackage.SampleTestTest.validateTitle(SampleTestTest.java:9)
at com.cba.samplepackage.SampleTestTest.validateTitle(SampleTestTest.java:9)
at com.cba.samplepackage.SampleTestTest.validateTitle(SampleTestTest.java:9)
at com.cba.samplepackage.SampleTestTest.validateTitle(SampleTestTest.java:9)
at com.cba.samplepackage.SampleTestTest.validateTitle(SampleTestTest.java:9)
at com.cba.samplepackage.SampleTestTest.validateTitle(SampleTestTest.java:9)
at com.cba.samplepackage.SampleTestTest.validateTitle(SampleTestTest.java:9)
at com.cba.samplepackage.SampleTestTest.validateTitle(SampleTestTest.java:9)
at com.cba.samplepackage.SampleTestTest.validateTitle(SampleTestTest.java:9)
at com.cba.samplepackage.SampleTestTest.validateTitle(SampleTestTest.java:9)
at com.cba.samplepackage.SampleTestTest.validateTitle(SampleTestTest.java:9)
at com.cba.samplepackage.SampleTestTest.validateTitle(SampleTestTest.java:9)
at com.cba.samplepackage.SampleTestTest.validateTitle(SampleTestTest.java:9)
at com.cba.samplepackage.SampleTestTest.validateTitle(SampleTestTest.java:9)
at com.cba.samplepackage.SampleTestTest.validateTitle(SampleTestTest.java:9)
at com.cba.samplepackage.SampleTestTest.validateTitle(SampleTestTest.java:9)
at com.cba.samplepackage.SampleTestTest.validateTitle(SampleTestTest.java:9)
at com.cba.samplepackage.SampleTestTest.validateTitle(SampleTestTest.java:9)
at com.cba.samplepackage.SampleTestTest.validateTitle(SampleTestTest.java:9)
at com.cba.samplepackage.SampleTestTest.validateTitle(SampleTestTest.java:9)
at com.cba.samplepackage.SampleTestTest.validateTitle(SampleTestTest.java:9)
at com.cba.samplepackage.SampleTestTest.validateTitle(SampleTestTest.java:9)
at com.cba.samplepackage.SampleTestTest.validateTitle(SampleTestTest.java:9)
at com.cba.samplepackage.SampleTestTest.validateTitle(SampleTestTest.java:9)
at com.cba.samplepackage.SampleTestTest.validateTitle(SampleTestTest.java:9)
at com.cba.samplepackage.SampleTestTest.validateTitle(SampleTestTest.java:9)
at com.cba.samplepackage.SampleTestTest.validateTitle(SampleTestTest.java:9)
at com.cba.samplepackage.SampleTestTest.validateTitle(SampleTestTest.java:9)
at com.cba.samplepackage.SampleTestTest.validateTitle(SampleTestTest.java:9)
at com.cba.samplepackage.SampleTestTest.validateTitle(SampleTestTest.java:9)
at com.cba.samplepackage.SampleTestTest.validateTitle(SampleTestTest.java:9)
at com.cba.samplepackage.SampleTestTest.validateTitle(SampleTestTest.java:9)
at com.cba.samplepackage.SampleTestTest.validateTitle(SampleTestTest.java:9)
at com.cba.samplepackage.SampleTestTest.validateTitle(SampleTestTest.java:9)
at com.cba.samplepackage.SampleTestTest.validateTitle(SampleTestTest.java:9)
at com.cba.samplepackage.SampleTestTest.validateTitle(SampleTestTest.java:9)
at com.cba.samplepackage.SampleTestTest.validateTitle(SampleTestTest.java:9)
at com.cba.samplepackage.SampleTestTest.validateTitle(SampleTestTest.java:9)
at com.cba.samplepackage.SampleTestTest.validateTitle(SampleTestTest.java:9)
at com.cba.samplepackage.SampleTestTest.validateTitle(SampleTestTest.java:9)
at com.cba.samplepackage.SampleTestTest.validateTitle(SampleTestTest.java:9)
at com.cba.samplepackage.SampleTestTest.validateTitle(SampleTestTest.java:9)
at com.cba.samplepackage.SampleTestTest.validateTitle(SampleTestTest.java:9)
at com.cba.samplepackage.SampleTestTest.validateTitle(SampleTestTest.java:9)
at com.cba.samplepackage.SampleTestTest.validateTitle(SampleTestTest.java:9)
at com.cba.samplepackage.SampleTestTest.validateTitle(SampleTestTest.java:9)
at com.cba.samplepackage.SampleTestTest.validateTitle(SampleTestTest.java:9)
at com.cba.samplepackage.SampleTestTest.validateTitle(SampleTestTest.java:9)
at com.cba.samplepackage.SampleTestTest.validateTitle(SampleTestTest.java:9)
at com.cba.samplepackage.SampleTestTest.validateTitle(SampleTestTest.java:9)
at com.cba.samplepackage.SampleTestTest.validateTitle(SampleTestTest.java:9)
at com.cba.samplepackage.SampleTestTest.validateTitle(SampleTestTest.java:9)
at com.cba.samplepackage.SampleTestTest.validateTitle(SampleTestTest.java:9)
at com.cba.samplepackage.SampleTestTest.validateTitle(SampleTestTest.java:9)
at com.cba.samplepackage.SampleTestTest.validateTitle(SampleTestTest.java:9)
at com.cba.samplepackage.SampleTestTest.validateTitle(SampleTestTest.java:9)
at com.cba.samplepackage.SampleTestTest.validateTitle(SampleTestTest.java:9)
at com.cba.samplepackage.SampleTestTest.validateTitle(SampleTestTest.java:9)
at com.cba.samplepackage.SampleTestTest.validateTitle(SampleTestTest.java:9)
at com.cba.samplepackage.SampleTestTest.validateTitle(SampleTestTest.java:9)
at com.cba.samplepackage.SampleTestTest.validateTitle(SampleTestTest.java:9)
at com.cba.samplepackage.SampleTestTest.validateTitle(SampleTestTest.java:9)
at com.cba.samplepackage.SampleTestTest.validateTitle(SampleTestTest.java:9)
at com.cba.samplepackage.SampleTestTest.validateTitle(SampleTestTest.java:9)
at com.cba.samplepackage.SampleTestTest.validateTitle(SampleTestTest.java:9)
at com.cba.samplepackage.SampleTestTest.validateTitle(SampleTestTest.java:9)
at com.cba.samplepackage.SampleTestTest.validateTitle(SampleTestTest.java:9)
at com.cba.samplepackage.SampleTestTest.validateTitle(SampleTestTest.java:9)
at com.cba.samplepackage.SampleTestTest.validateTitle(SampleTestTest.java:9)
at com.cba.samplepackage.SampleTestTest.validateTitle(SampleTestTest.java:9)
at com.cba.samplepackage.SampleTestTest.validateTitle(SampleTestTest.java:9)
at com.cba.samplepackage.SampleTestTest.validateTitle(SampleTestTest.java:9)
at com.cba.samplepackage.SampleTestTest.validateTitle(SampleTestTest.java:9)
at com.cba.samplepackage.SampleTestTest.validateTitle(SampleTestTest.java:9)
at com.cba.samplepackage.SampleTestTest.validateTitle(SampleTestTest.java:9)
at com.cba.samplepackage.SampleTestTest.validateTitle(SampleTestTest.java:9)
at com.cba.samplepackage.SampleTestTest.validateTitle(SampleTestTest.java:9)
at com.cba.samplepackage.SampleTestTest.validateTitle(SampleTestTest.java:9)
at com.cba.samplepackage.SampleTestTest.validateTitle(SampleTestTest.java:9)
at com.cba.samplepackage.SampleTestTest.validateTitle(SampleTestTest.java:9)
at com.cba.samplepackage.SampleTestTest.validateTitle(SampleTestTest.java:9)
at com.cba.samplepackage.SampleTestTest.validateTitle(SampleTestTest.java:9)
at com.cba.samplepackage.SampleTestTest.validateTitle(SampleTestTest.java:9)
at com.cba.samplepackage.SampleTestTest.validateTitle(SampleTestTest.java:9)
at com.cba.samplepackage.SampleTestTest.validateTitle(SampleTestTest.java:9)
at com.cba.samplepackage.SampleTestTest.validateTitle(SampleTestTest.java:9)
at com.cba.samplepackage.SampleTestTest.validateTitle(SampleTestTest.java:9)
at com.cba.samplepackage.SampleTestTest.validateTitle(SampleTestTest.java:9)
at com.cba.samplepackage.SampleTestTest.validateTitle(SampleTestTest.java:9)
at com.cba.samplepackage.SampleTestTest.validateTitle(SampleTestTest.java:9)
at com.cba.samplepackage.SampleTestTest.validateTitle(SampleTestTest.java:9)
at com.cba.samplepackage.SampleTestTest.validateTitle(SampleTestTest.java:9)
at com.cba.samplepackage.SampleTestTest.validateTitle(SampleTestTest.java:9)
at com.cba.samplepackage.SampleTestTest.validateTitle(SampleTestTest.java:9)
at com.cba.samplepackage.SampleTestTest.validateTitle(SampleTestTest.java:9)
at com.cba.samplepackage.SampleTestTest.validateTitle(SampleTestTest.java:9)
at com.cba.samplepackage.SampleTestTest.validateTitle(SampleTestTest.java:9)
at com.cba.samplepackage.SampleTestTest.validateTitle(SampleTestTest.java:9)
at com.cba.samplepackage.SampleTestTest.validateTitle(SampleTestTest.java:9)
at com.cba.samplepackage.SampleTestTest.validateTitle(SampleTestTest.java:9)
at com.cba.samplepackage.SampleTestTest.validateTitle(SampleTestTest.java:9)
at com.cba.samplepackage.SampleTestTest.validateTitle(SampleTestTest.java:9)
at com.cba.samplepackage.SampleTestTest.validateTitle(SampleTestTest.java:9)
at com.cba.samplepackage.SampleTestTest.validateTitle(SampleTestTest.java:9)
at com.cba.samplepackage.SampleTestTest.validateTitle(SampleTestTest.java:9)
at com.cba.samplepackage.SampleTestTest.validateTitle(SampleTestTest.java:9)
at com.cba.samplepackage.SampleTestTest.validateTitle(SampleTestTest.java:9)
at com.cba.samplepackage.SampleTestTest.validateTitle(SampleTestTest.java:9)
at com.cba.samplepackage.SampleTestTest.validateTitle(SampleTestTest.java:9)
at com.cba.samplepackage.SampleTestTest.validateTitle(SampleTestTest.java:9)
at com.cba.samplepackage.SampleTestTest.validateTitle(SampleTestTest.java:9)
at com.cba.samplepackage.SampleTestTest.validateTitle(SampleTestTest.java:9)
at com.cba.samplepackage.SampleTestTest.validateTitle(SampleTestTest.java:9)
at com.cba.samplepackage.SampleTestTest.validateTitle(SampleTestTest.java:9)
at com.cba.samplepackage.SampleTestTest.validateTitle(SampleTestTest.java:9)
at com.cba.samplepackage.SampleTestTest.validateTitle(SampleTestTest.java:9)
at com.cba.samplepackage.SampleTestTest.validateTitle(SampleTestTest.java:9)
at com.cba.samplepackage.SampleTestTest.validateTitle(SampleTestTest.java:9)
at com.cba.samplepackage.SampleTestTest.validateTitle(SampleTestTest.java:9)
at com.cba.samplepackage.SampleTestTest.validateTitle(SampleTestTest.java:9)
at com.cba.samplepackage.SampleTestTest.validateTitle(SampleTestTest.java:9)
at com.cba.samplepackage.SampleTestTest.validateTitle(SampleTestTest.java:9)
at com.cba.samplepackage.SampleTestTest.validateTitle(SampleTestTest.java:9)
at com.cba.samplepackage.SampleTestTest.validateTitle(SampleTestTest.java:9)
at com.cba.samplepackage.SampleTestTest.validateTitle(SampleTestTest.java:9)
at com.cba.samplepackage.SampleTestTest.validateTitle(SampleTestTest.java:9)
at com.cba.samplepackage.SampleTestTest.validateTitle(SampleTestTest.java:9)
at com.cba.samplepackage.SampleTestTest.validateTitle(SampleTestTest.java:9)
at com.cba.samplepackage.SampleTestTest.validateTitle(SampleTestTest.java:9)
at com.cba.samplepackage.SampleTestTest.validateTitle(SampleTestTest.java:9)
at com.cba.samplepackage.SampleTestTest.validateTitle(SampleTestTest.java:9)
at com.cba.samplepackage.SampleTestTest.validateTitle(SampleTestTest.java:9)
at com.cba.samplepackage.SampleTestTest.validateTitle(SampleTestTest.java:9)
at com.cba.samplepackage.SampleTestTest.validateTitle(SampleTestTest.java:9)
at com.cba.samplepackage.SampleTestTest.validateTitle(SampleTestTest.java:9)
at com.cba.samplepackage.SampleTestTest.validateTitle(SampleTestTest.java:9)
at com.cba.samplepackage.SampleTestTest.validateTitle(SampleTestTest.java:9)
at com.cba.samplepackage.SampleTestTest.validateTitle(SampleTestTest.java:9)
at com.cba.samplepackage.SampleTestTest.validateTitle(SampleTestTest.java:9)
at com.cba.samplepackage.SampleTestTest.validateTitle(SampleTestTest.java:9)
at com.cba.samplepackage.SampleTestTest.validateTitle(SampleTestTest.java:9)
at com.cba.samplepackage.SampleTestTest.validateTitle(SampleTestTest.java:9)
at com.cba.samplepackage.SampleTestTest.validateTitle(SampleTestTest.java:9)
at com.cba.samplepackage.SampleTestTest.validateTitle(SampleTestTest.java:9)
at com.cba.samplepackage.SampleTestTest.validateTitle(SampleTestTest.java:9)
at com.cba.samplepackage.SampleTestTest.validateTitle(SampleTestTest.java:9)
at com.cba.samplepackage.SampleTestTest.validateTitle(SampleTestTest.java:9)
at com.cba.samplepackage.SampleTestTest.validateTitle(SampleTestTest.java:9)
at com.cba.samplepackage.SampleTestTest.validateTitle(SampleTestTest.java:9)
at com.cba.samplepackage.SampleTestTest.validateTitle(SampleTestTest.java:9)
at com.cba.samplepackage.SampleTestTest.validateTitle(SampleTestTest.java:9)
at com.cba.samplepackage.SampleTestTest.validateTitle(SampleTestTest.java:9)
at com.cba.samplepackage.SampleTestTest.validateTitle(SampleTestTest.java:9)
at com.cba.samplepackage.SampleTestTest.validateTitle(SampleTestTest.java:9)
at com.cba.samplepackage.SampleTestTest.validateTitle(SampleTestTest.java:9)
at com.cba.samplepackage.SampleTestTest.validateTitle(SampleTestTest.java:9)
at com.cba.samplepackage.SampleTestTest.validateTitle(SampleTestTest.java:9)
at com.cba.samplepackage.SampleTestTest.validateTitle(SampleTestTest.java:9)
at com.cba.samplepackage.SampleTestTest.validateTitle(SampleTestTest.java:9)
at com.cba.samplepackage.SampleTestTest.validateTitle(SampleTestTest.java:9)
at com.cba.samplepackage.SampleTestTest.validateTitle(SampleTestTest.java:9)
at com.cba.samplepackage.SampleTestTest.validateTitle(SampleTestTest.java:9)
at com.cba.samplepackage.SampleTestTest.validateTitle(SampleTestTest.java:9)
at com.cba.samplepackage.SampleTestTest.validateTitle(SampleTestTest.java:9)
at com.cba.samplepackage.SampleTestTest.validateTitle(SampleTestTest.java:9)
at com.cba.samplepackage.SampleTestTest.validateTitle(SampleTestTest.java:9)
at com.cba.samplepackage.SampleTestTest.validateTitle(SampleTestTest.java:9)
at com.cba.samplepackage.SampleTestTest.validateTitle(SampleTestTest.java:9)
at com.cba.samplepackage.SampleTestTest.validateTitle(SampleTestTest.java:9)
at com.cba.samplepackage.SampleTestTest.validateTitle(SampleTestTest.java:9)
at com.cba.samplepackage.SampleTestTest.validateTitle(SampleTestTest.java:9)
at com.cba.samplepackage.SampleTestTest.validateTitle(SampleTestTest.java:9)
at com.cba.samplepackage.SampleTestTest.validateTitle(SampleTestTest.java:9)
at com.cba.samplepackage.SampleTestTest.validateTitle(SampleTestTest.java:9)
at com.cba.samplepackage.SampleTestTest.validateTitle(SampleTestTest.java:9)
at com.cba.samplepackage.SampleTestTest.validateTitle(SampleTestTest.java:9)
at com.cba.samplepackage.SampleTestTest.validateTitle(SampleTestTest.java:9)
at com.cba.samplepackage.SampleTestTest.validateTitle(SampleTestTest.java:9)
at com.cba.samplepackage.SampleTestTest.validateTitle(SampleTestTest.java:9)
at com.cba.samplepackage.SampleTestTest.validateTitle(SampleTestTest.java:9)
at com.cba.samplepackage.SampleTestTest.validateTitle(SampleTestTest.java:9)
at com.cba.samplepackage.SampleTestTest.validateTitle(SampleTestTest.java:9)
at com.cba.samplepackage.SampleTestTest.validateTitle(SampleTestTest.java:9)
at com.cba.samplepackage.SampleTestTest.validateTitle(SampleTestTest.java:9)
at com.cba.samplepackage.SampleTestTest.validateTitle(SampleTestTest.java:9)
at com.cba.samplepackage.SampleTestTest.validateTitle(SampleTestTest.java:9)
at com.cba.samplepackage.SampleTestTest.validateTitle(SampleTestTest.java:9)
at com.cba.samplepackage.SampleTestTest.validateTitle(SampleTestTest.java:9)
at com.cba.samplepackage.SampleTestTest.validateTitle(SampleTestTest.java:9)
at com.cba.samplepackage.SampleTestTest.validateTitle(SampleTestTest.java:9)
at com.cba.samplepackage.SampleTestTest.validateTitle(SampleTestTest.java:9)
at com.cba.samplepackage.SampleTestTest.validateTitle(SampleTestTest.java:9)
at com.cba.samplepackage.SampleTestTest.validateTitle(SampleTestTest.java:9)
at com.cba.samplepackage.SampleTestTest.validateTitle(SampleTestTest.java:9)
at com.cba.samplepackage.SampleTestTest.validateTitle(SampleTestTest.java:9)
at com.cba.samplepackage.SampleTestTest.validateTitle(SampleTestTest.java:9)
at com.cba.samplepackage.SampleTestTest.validateTitle(SampleTestTest.java:9)
at com.cba.samplepackage.SampleTestTest.validateTitle(SampleTestTest.java:9)
at com.cba.samplepackage.SampleTestTest.validateTitle(SampleTestTest.java:9)
at com.cba.samplepackage.SampleTestTest.validateTitle(SampleTestTest.java:9)
at com.cba.samplepackage.SampleTestTest.validateTitle(SampleTestTest.java:9)
at com.cba.samplepackage.SampleTestTest.validateTitle(SampleTestTest.java:9)
at com.cba.samplepackage.SampleTestTest.validateTitle(SampleTestTest.java:9)
at com.cba.samplepackage.SampleTestTest.validateTitle(SampleTestTest.java:9)
at com.cba.samplepackage.SampleTestTest.validateTitle(SampleTestTest.java:9)
at com.cba.samplepackage.SampleTestTest.validateTitle(SampleTestTest.java:9)
at com.cba.samplepackage.SampleTestTest.validateTitle(SampleTestTest.java:9)
at com.cba.samplepackage.SampleTestTest.validateTitle(SampleTestTest.java:9)
at com.cba.samplepackage.SampleTestTest.validateTitle(SampleTestTest.java:9)
at com.cba.samplepackage.SampleTestTest.validateTitle(SampleTestTest.java:9)
at com.cba.samplepackage.SampleTestTest.validateTitle(SampleTestTest.java:9)
at com.cba.samplepackage.SampleTestTest.validateTitle(SampleTestTest.java:9)
at com.cba.samplepackage.SampleTestTest.validateTitle(SampleTestTest.java:9)
at com.cba.samplepackage.SampleTestTest.validateTitle(SampleTestTest.java:9)
at com.cba.samplepackage.SampleTestTest.validateTitle(SampleTestTest.java:9)
at com.cba.samplepackage.SampleTestTest.validateTitle(SampleTestTest.java:9)
at com.cba.samplepackage.SampleTestTest.validateTitle(SampleTestTest.java:9)
at com.cba.samplepackage.SampleTestTest.validateTitle(SampleTestTest.java:9)
at com.cba.samplepackage.SampleTestTest.validateTitle(SampleTestTest.java:9)
at com.cba.samplepackage.SampleTestTest.validateTitle(SampleTestTest.java:9)
at com.cba.samplepackage.SampleTestTest.validateTitle(SampleTestTest.java:9)
at com.cba.samplepackage.SampleTestTest.validateTitle(SampleTestTest.java:9)
at com.cba.samplepackage.SampleTestTest.validateTitle(SampleTestTest.java:9)
at com.cba.samplepackage.SampleTestTest.validateTitle(SampleTestTest.java:9)
at com.cba.samplepackage.SampleTestTest.validateTitle(SampleTestTest.java:9)
at com.cba.samplepackage.SampleTestTest.validateTitle(SampleTestTest.java:9)
at com.cba.samplepackage.SampleTestTest.validateTitle(SampleTestTest.java:9)
at com.cba.samplepackage.SampleTestTest.validateTitle(SampleTestTest.java:9)
at com.cba.samplepackage.SampleTestTest.validateTitle(SampleTestTest.java:9)
at com.cba.samplepackage.SampleTestTest.validateTitle(SampleTestTest.java:9)
at com.cba.samplepackage.SampleTestTest.validateTitle(SampleTestTest.java:9)
at com.cba.samplepackage.SampleTestTest.validateTitle(SampleTestTest.java:9)
at com.cba.samplepackage.SampleTestTest.validateTitle(SampleTestTest.java:9)
at com.cba.samplepackage.SampleTestTest.validateTitle(SampleTestTest.java:9)
at com.cba.samplepackage.SampleTestTest.validateTitle(SampleTestTest.java:9)
at com.cba.samplepackage.SampleTestTest.validateTitle(SampleTestTest.java:9)
at com.cba.samplepackage.SampleTestTest.validateTitle(SampleTestTest.java:9)
at com.cba.samplepackage.SampleTestTest.validateTitle(SampleTestTest.java:9)
at com.cba.samplepackage.SampleTestTest.validateTitle(SampleTestTest.java:9)
at com.cba.samplepackage.SampleTestTest.validateTitle(SampleTestTest.java:9)
at com.cba.samplepackage.SampleTestTest.validateTitle(SampleTestTest.java:9)
at com.cba.samplepackage.SampleTestTest.validateTitle(SampleTestTest.java:9)
at com.cba.samplepackage.SampleTestTest.validateTitle(SampleTestTest.java:9)
at com.cba.samplepackage.SampleTestTest.validateTitle(SampleTestTest.java:9)
at com.cba.samplepackage.SampleTestTest.validateTitle(SampleTestTest.java:9)
at com.cba.samplepackage.SampleTestTest.validateTitle(SampleTestTest.java:9)
at com.cba.samplepackage.SampleTestTest.validateTitle(SampleTestTest.java:9)
at com.cba.samplepackage.SampleTestTest.validateTitle(SampleTestTest.java:9)
at com.cba.samplepackage.SampleTestTest.validateTitle(SampleTestTest.java:9)
at com.cba.samplepackage.SampleTestTest.validateTitle(SampleTestTest.java:9)
at com.cba.samplepackage.SampleTestTest.validateTitle(SampleTestTest.java:9)
at com.cba.samplepackage.SampleTestTest.validateTitle(SampleTestTest.java:9)
at com.cba.samplepackage.SampleTestTest.validateTitle(SampleTestTest.java:9)
at com.cba.samplepackage.SampleTestTest.validateTitle(SampleTestTest.java:9)
at com.cba.samplepackage.SampleTestTest.validateTitle(SampleTestTest.java:9)
at com.cba.samplepackage.SampleTestTest.validateTitle(SampleTestTest.java:9)
at com.cba.samplepackage.SampleTestTest.validateTitle(SampleTestTest.java:9)
at com.cba.samplepackage.SampleTestTest.validateTitle(SampleTestTest.java:9)
at com.cba.samplepackage.SampleTestTest.validateTitle(SampleTestTest.java:9)
at com.cba.samplepackage.SampleTestTest.validateTitle(SampleTestTest.java:9)
at com.cba.samplepackage.SampleTestTest.validateTitle(SampleTestTest.java:9)
at com.cba.samplepackage.SampleTestTest.validateTitle(SampleTestTest.java:9)
at com.cba.samplepackage.SampleTestTest.validateTitle(SampleTestTest.java:9)
at com.cba.samplepackage.SampleTestTest.validateTitle(SampleTestTest.java:9)
at com.cba.samplepackage.SampleTestTest.validateTitle(SampleTestTest.java:9)
at com.cba.samplepackage.SampleTestTest.validateTitle(SampleTestTest.java:9)
at com.cba.samplepackage.SampleTestTest.validateTitle(SampleTestTest.java:9)
at com.cba.samplepackage.SampleTestTest.validateTitle(SampleTestTest.java:9)
at com.cba.samplepackage.SampleTestTest.validateTitle(SampleTestTest.java:9)
at com.cba.samplepackage.SampleTestTest.validateTitle(SampleTestTest.java:9)
at com.cba.samplepackage.SampleTestTest.validateTitle(SampleTestTest.java:9)
at com.cba.samplepackage.SampleTestTest.validateTitle(SampleTestTest.java:9)
at com.cba.samplepackage.SampleTestTest.validateTitle(SampleTestTest.java:9)
at com.cba.samplepackage.SampleTestTest.validateTitle(SampleTestTest.java:9)
at com.cba.samplepackage.SampleTestTest.validateTitle(SampleTestTest.java:9)
at com.cba.samplepackage.SampleTestTest.validateTitle(SampleTestTest.java:9)
at com.cba.samplepackage.SampleTestTest.validateTitle(SampleTestTest.java:9)
at com.cba.samplepackage.SampleTestTest.validateTitle(SampleTestTest.java:9)
at com.cba.samplepackage.SampleTestTest.validateTitle(SampleTestTest.java:9)
at com.cba.samplepackage.SampleTestTest.validateTitle(SampleTestTest.java:9)
at com.cba.samplepackage.SampleTestTest.validateTitle(SampleTestTest.java:9)
at com.cba.samplepackage.SampleTestTest.validateTitle(SampleTestTest.java:9)
at com.cba.samplepackage.SampleTestTest.validateTitle(SampleTestTest.java:9)
at com.cba.samplepackage.SampleTestTest.validateTitle(SampleTestTest.java:9)
at com.cba.samplepackage.SampleTestTest.validateTitle(SampleTestTest.java:9)
at com.cba.samplepackage.SampleTestTest.validateTitle(SampleTestTest.java:9)
at com.cba.samplepackage.SampleTestTest.validateTitle(SampleTestTest.java:9)
at com.cba.samplepackage.SampleTestTest.validateTitle(SampleTestTest.java:9)
at com.cba.samplepackage.SampleTestTest.validateTitle(SampleTestTest.java:9)
at com.cba.samplepackage.SampleTestTest.validateTitle(SampleTestTest.java:9)
at com.cba.samplepackage.SampleTestTest.validateTitle(SampleTestTest.java:9)
at com.cba.samplepackage.SampleTestTest.validateTitle(SampleTestTest.java:9)
at com.cba.samplepackage.SampleTestTest.validateTitle(SampleTestTest.java:9)
at com.cba.samplepackage.SampleTestTest.validateTitle(SampleTestTest.java:9)
at com.cba.samplepackage.SampleTestTest.validateTitle(SampleTestTest.java:9)
at com.cba.samplepackage.SampleTestTest.validateTitle(SampleTestTest.java:9)
at com.cba.samplepackage.SampleTestTest.validateTitle(SampleTestTest.java:9)
at com.cba.samplepackage.SampleTestTest.validateTitle(SampleTestTest.java:9)
at com.cba.samplepackage.SampleTestTest.validateTitle(SampleTestTest.java:9)
at com.cba.samplepackage.SampleTestTest.validateTitle(SampleTestTest.java:9)
at com.cba.samplepackage.SampleTestTest.validateTitle(SampleTestTest.java:9)
at com.cba.samplepackage.SampleTestTest.validateTitle(SampleTestTest.java:9)
at com.cba.samplepackage.SampleTestTest.validateTitle(SampleTestTest.java:9)
at com.cba.samplepackage.SampleTestTest.validateTitle(SampleTestTest.java:9)
at com.cba.samplepackage.SampleTestTest.validateTitle(SampleTestTest.java:9)
at com.cba.samplepackage.SampleTestTest.validateTitle(SampleTestTest.java:9)
at com.cba.samplepackage.SampleTestTest.validateTitle(SampleTestTest.java:9)
at com.cba.samplepackage.SampleTestTest.validateTitle(SampleTestTest.java:9)
at com.cba.samplepackage.SampleTestTest.validateTitle(SampleTestTest.java:9)
at com.cba.samplepackage.SampleTestTest.validateTitle(SampleTestTest.java:9)
at com.cba.samplepackage.SampleTestTest.validateTitle(SampleTestTest.java:9)
at com.cba.samplepackage.SampleTestTest.validateTitle(SampleTestTest.java:9)
at com.cba.samplepackage.SampleTestTest.validateTitle(SampleTestTest.java:9)
at com.cba.samplepackage.SampleTestTest.validateTitle(SampleTestTest.java:9)
at com.cba.samplepackage.SampleTestTest.validateTitle(SampleTestTest.java:9)
at com.cba.samplepackage.SampleTestTest.validateTitle(SampleTestTest.java:9)
at com.cba.samplepackage.SampleTestTest.validateTitle(SampleTestTest.java:9)
at com.cba.samplepackage.SampleTestTest.validateTitle(SampleTestTest.java:9)
at com.cba.samplepackage.SampleTestTest.validateTitle(SampleTestTest.java:9)
at com.cba.samplepackage.SampleTestTest.validateTitle(SampleTestTest.java:9)
at com.cba.samplepackage.SampleTestTest.validateTitle(SampleTestTest.java:9)
at com.cba.samplepackage.SampleTestTest.validateTitle(SampleTestTest.java:9)
at com.cba.samplepackage.SampleTestTest.validateTitle(SampleTestTest.java:9)
at com.cba.samplepackage.SampleTestTest.validateTitle(SampleTestTest.java:9)
at com.cba.samplepackage.SampleTestTest.validateTitle(SampleTestTest.java:9)
at com.cba.samplepackage.SampleTestTest.validateTitle(SampleTestTest.java:9)
at com.cba.samplepackage.SampleTestTest.validateTitle(SampleTestTest.java:9)
at com.cba.samplepackage.SampleTestTest.validateTitle(SampleTestTest.java:9)
at com.cba.samplepackage.SampleTestTest.validateTitle(SampleTestTest.java:9)
at com.cba.samplepackage.SampleTestTest.validateTitle(SampleTestTest.java:9)
at com.cba.samplepackage.SampleTestTest.validateTitle(SampleTestTest.java:9)
at com.cba.samplepackage.SampleTestTest.validateTitle(SampleTestTest.java:9)
at com.cba.samplepackage.SampleTestTest.validateTitle(SampleTestTest.java:9)
at com.cba.samplepackage.SampleTestTest.validateTitle(SampleTestTest.java:9)
at com.cba.samplepackage.SampleTestTest.validateTitle(SampleTestTest.java:9)
at com.cba.samplepackage.SampleTestTest.validateTitle(SampleTestTest.java:9)
at com.cba.samplepackage.SampleTestTest.validateTitle(SampleTestTest.java:9)
at com.cba.samplepackage.SampleTestTest.validateTitle(SampleTestTest.java:9)
at com.cba.samplepackage.SampleTestTest.validateTitle(SampleTestTest.java:9)
at com.cba.samplepackage.SampleTestTest.validateTitle(SampleTestTest.java:9)
at com.cba.samplepackage.SampleTestTest.validateTitle(SampleTestTest.java:9)
at com.cba.samplepackage.SampleTestTest.validateTitle(SampleTestTest.java:9)
at com.cba.samplepackage.SampleTestTest.validateTitle(SampleTestTest.java:9)
at com.cba.samplepackage.SampleTestTest.validateTitle(SampleTestTest.java:9)
at com.cba.samplepackage.SampleTestTest.validateTitle(SampleTestTest.java:9)
at com.cba.samplepackage.SampleTestTest.validateTitle(SampleTestTest.java:9)
at com.cba.samplepackage.SampleTestTest.validateTitle(SampleTestTest.java:9)
at com.cba.samplepackage.SampleTestTest.validateTitle(SampleTestTest.java:9)
at com.cba.samplepackage.SampleTestTest.validateTitle(SampleTestTest.java:9)
at com.cba.samplepackage.SampleTestTest.validateTitle(SampleTestTest.java:9)
at com.cba.samplepackage.SampleTestTest.validateTitle(SampleTestTest.java:9)
at com.cba.samplepackage.SampleTestTest.validateTitle(SampleTestTest.java:9)
at com.cba.samplepackage.SampleTestTest.validateTitle(SampleTestTest.java:9)
at com.cba.samplepackage.SampleTestTest.validateTitle(SampleTestTest.java:9)
at com.cba.samplepackage.SampleTestTest.validateTitle(SampleTestTest.java:9)
at com.cba.samplepackage.SampleTestTest.validateTitle(SampleTestTest.java:9)
at com.cba.samplepackage.SampleTestTest.validateTitle(SampleTestTest.java:9)
at com.cba.samplepackage.SampleTestTest.validateTitle(SampleTestTest.java:9)
at com.cba.samplepackage.SampleTestTest.validateTitle(SampleTestTest.java:9)
at com.cba.samplepackage.SampleTestTest.validateTitle(SampleTestTest.java:9)
at com.cba.samplepackage.SampleTestTest.validateTitle(SampleTestTest.java:9)
at com.cba.samplepackage.SampleTestTest.validateTitle(SampleTestTest.java:9)
at com.cba.samplepackage.SampleTestTest.validateTitle(SampleTestTest.java:9)
at com.cba.samplepackage.SampleTestTest.validateTitle(SampleTestTest.java:9)
at com.cba.samplepackage.SampleTestTest.validateTitle(SampleTestTest.java:9)
at com.cba.samplepackage.SampleTestTest.validateTitle(SampleTestTest.java:9)
at com.cba.samplepackage.SampleTestTest.validateTitle(SampleTestTest.java:9)
at com.cba.samplepackage.SampleTestTest.validateTitle(SampleTestTest.java:9)
at com.cba.samplepackage.SampleTestTest.validateTitle(SampleTestTest.java:9)
at com.cba.samplepackage.SampleTestTest.validateTitle(SampleTestTest.java:9)
at com.cba.samplepackage.SampleTestTest.validateTitle(SampleTestTest.java:9)
at com.cba.samplepackage.SampleTestTest.validateTitle(SampleTestTest.java:9)
at com.cba.samplepackage.SampleTestTest.validateTitle(SampleTestTest.java:9)
at com.cba.samplepackage.SampleTestTest.validateTitle(SampleTestTest.java:9)
at com.cba.samplepackage.SampleTestTest.validateTitle(SampleTestTest.java:9)
at com.cba.samplepackage.SampleTestTest.validateTitle(SampleTestTest.java:9)
at com.cba.samplepackage.SampleTestTest.validateTitle(SampleTestTest.java:9)
at com.cba.samplepackage.SampleTestTest.validateTitle(SampleTestTest.java:9)
at com.cba.samplepackage.SampleTestTest.validateTitle(SampleTestTest.java:9)
at com.cba.samplepackage.SampleTestTest.validateTitle(SampleTestTest.java:9)
at com.cba.samplepackage.SampleTestTest.validateTitle(SampleTestTest.java:9)
at com.cba.samplepackage.SampleTestTest.validateTitle(SampleTestTest.java:9)
at com.cba.samplepackage.SampleTestTest.validateTitle(SampleTestTest.java:9)
at com.cba.samplepackage.SampleTestTest.validateTitle(SampleTestTest.java:9)
at com.cba.samplepackage.SampleTestTest.validateTitle(SampleTestTest.java:9)
at com.cba.samplepackage.SampleTestTest.validateTitle(SampleTestTest.java:9)
at com.cba.samplepackage.SampleTestTest.validateTitle(SampleTestTest.java:9)
at com.cba.samplepackage.SampleTestTest.validateTitle(SampleTestTest.java:9)
at com.cba.samplepackage.SampleTestTest.validateTitle(SampleTestTest.java:9)
at com.cba.samplepackage.SampleTestTest.validateTitle(SampleTestTest.java:9)
at com.cba.samplepackage.SampleTestTest.validateTitle(SampleTestTest.java:9)
at com.cba.samplepackage.SampleTestTest.validateTitle(SampleTestTest.java:9)
at com.cba.samplepackage.SampleTestTest.validateTitle(SampleTestTest.java:9)
at com.cba.samplepackage.SampleTestTest.validateTitle(SampleTestTest.java:9)
at com.cba.samplepackage.SampleTestTest.validateTitle(SampleTestTest.java:9)
at com.cba.samplepackage.SampleTestTest.validateTitle(SampleTestTest.java:9)
at com.cba.samplepackage.SampleTestTest.validateTitle(SampleTestTest.java:9)
at com.cba.samplepackage.SampleTestTest.validateTitle(SampleTestTest.java:9)
at com.cba.samplepackage.SampleTestTest.validateTitle(SampleTestTest.java:9)
at com.cba.samplepackage.SampleTestTest.validateTitle(SampleTestTest.java:9)
at com.cba.samplepackage.SampleTestTest.validateTitle(SampleTestTest.java:9)
at com.cba.samplepackage.SampleTestTest.validateTitle(SampleTestTest.java:9)
at com.cba.samplepackage.SampleTestTest.validateTitle(SampleTestTest.java:9)
at com.cba.samplepackage.SampleTestTest.validateTitle(SampleTestTest.java:9)
at com.cba.samplepackage.SampleTestTest.validateTitle(SampleTestTest.java:9)
at com.cba.samplepackage.SampleTestTest.validateTitle(SampleTestTest.java:9)
at com.cba.samplepackage.SampleTestTest.validateTitle(SampleTestTest.java:9)
at com.cba.samplepackage.SampleTestTest.validateTitle(SampleTestTest.java:9)
at com.cba.samplepackage.SampleTestTest.validateTitle(SampleTestTest.java:9)
at com.cba.samplepackage.SampleTestTest.validateTitle(SampleTestTest.java:9)
at com.cba.samplepackage.SampleTestTest.validateTitle(SampleTestTest.java:9)
at com.cba.samplepackage.SampleTestTest.validateTitle(SampleTestTest.java:9)
at com.cba.samplepackage.SampleTestTest.validateTitle(SampleTestTest.java:9)
at com.cba.samplepackage.SampleTestTest.validateTitle(SampleTestTest.java:9)
at com.cba.samplepackage.SampleTestTest.validateTitle(SampleTestTest.java:9)
at com.cba.samplepackage.SampleTestTest.validateTitle(SampleTestTest.java:9)
at com.cba.samplepackage.SampleTestTest.validateTitle(SampleTestTest.java:9)
at com.cba.samplepackage.SampleTestTest.validateTitle(SampleTestTest.java:9)
at com.cba.samplepackage.SampleTestTest.validateTitle(SampleTestTest.java:9)
at com.cba.samplepackage.SampleTestTest.validateTitle(SampleTestTest.java:9)
at com.cba.samplepackage.SampleTestTest.validateTitle(SampleTestTest.java:9)
at com.cba.samplepackage.SampleTestTest.validateTitle(SampleTestTest.java:9)
at com.cba.samplepackage.SampleTestTest.validateTitle(SampleTestTest.java:9)
at com.cba.samplepackage.SampleTestTest.validateTitle(SampleTestTest.java:9)
at com.cba.samplepackage.SampleTestTest.validateTitle(SampleTestTest.java:9)
at com.cba.samplepackage.SampleTestTest.validateTitle(SampleTestTest.java:9)
at com.cba.samplepackage.SampleTestTest.validateTitle(SampleTestTest.java:9)
at com.cba.samplepackage.SampleTestTest.validateTitle(SampleTestTest.java:9)
at com.cba.samplepackage.SampleTestTest.validateTitle(SampleTestTest.java:9)
at com.cba.samplepackage.SampleTestTest.validateTitle(SampleTestTest.java:9)
at com.cba.samplepackage.SampleTestTest.validateTitle(SampleTestTest.java:9)
at com.cba.samplepackage.SampleTestTest.validateTitle(SampleTestTest.java:9)
at com.cba.samplepackage.SampleTestTest.validateTitle(SampleTestTest.java:9)
at com.cba.samplepackage.SampleTestTest.validateTitle(SampleTestTest.java:9)
at com.cba.samplepackage.SampleTestTest.validateTitle(SampleTestTest.java:9)
at com.cba.samplepackage.SampleTestTest.validateTitle(SampleTestTest.java:9)
at com.cba.samplepackage.SampleTestTest.validateTitle(SampleTestTest.java:9)
at com.cba.samplepackage.SampleTestTest.validateTitle(SampleTestTest.java:9)
at com.cba.samplepackage.SampleTestTest.validateTitle(SampleTestTest.java:9)
at com.cba.samplepackage.SampleTestTest.validateTitle(SampleTestTest.java:9)
at com.cba.samplepackage.SampleTestTest.validateTitle(SampleTestTest.java:9)
at com.cba.samplepackage.SampleTestTest.validateTitle(SampleTestTest.java:9)
at com.cba.samplepackage.SampleTestTest.validateTitle(SampleTestTest.java:9)
at com.cba.samplepackage.SampleTestTest.validateTitle(SampleTestTest.java:9)
at com.cba.samplepackage.SampleTestTest.validateTitle(SampleTestTest.java:9)
at com.cba.samplepackage.SampleTestTest.validateTitle(SampleTestTest.java:9)
at com.cba.samplepackage.SampleTestTest.validateTitle(SampleTestTest.java:9)
at com.cba.samplepackage.SampleTestTest.validateTitle(SampleTestTest.java:9)
at com.cba.samplepackage.SampleTestTest.validateTitle(SampleTestTest.java:9)
at com.cba.samplepackage.SampleTestTest.validateTitle(SampleTestTest.java:9)
at com.cba.samplepackage.SampleTestTest.validateTitle(SampleTestTest.java:9)
at com.cba.samplepackage.SampleTestTest.validateTitle(SampleTestTest.java:9)
at com.cba.samplepackage.SampleTestTest.validateTitle(SampleTestTest.java:9)
at com.cba.samplepackage.SampleTestTest.validateTitle(SampleTestTest.java:9)
at com.cba.samplepackage.SampleTestTest.validateTitle(SampleTestTest.java:9)
at com.cba.samplepackage.SampleTestTest.validateTitle(SampleTestTest.java:9)
at com.cba.samplepackage.SampleTestTest.validateTitle(SampleTestTest.java:9)
at com.cba.samplepackage.SampleTestTest.validateTitle(SampleTestTest.java:9)
at com.cba.samplepackage.SampleTestTest.validateTitle(SampleTestTest.java:9)
at com.cba.samplepackage.SampleTestTest.validateTitle(SampleTestTest.java:9)
at com.cba.samplepackage.SampleTestTest.validateTitle(SampleTestTest.java:9)
at com.cba.samplepackage.SampleTestTest.validateTitle(SampleTestTest.java:9)
at com.cba.samplepackage.SampleTestTest.validateTitle(SampleTestTest.java:9)
at com.cba.samplepackage.SampleTestTest.validateTitle(SampleTestTest.java:9)
at com.cba.samplepackage.SampleTestTest.validateTitle(SampleTestTest.java:9)
at com.cba.samplepackage.SampleTestTest.validateTitle(SampleTestTest.java:9)
at com.cba.samplepackage.SampleTestTest.validateTitle(SampleTestTest.java:9)
at com.cba.samplepackage.SampleTestTest.validateTitle(SampleTestTest.java:9)
at com.cba.samplepackage.SampleTestTest.validateTitle(SampleTestTest.java:9)
at com.cba.samplepackage.SampleTestTest.validateTitle(SampleTestTest.java:9)
at com.cba.samplepackage.SampleTestTest.validateTitle(SampleTestTest.java:9)
at com.cba.samplepackage.SampleTestTest.validateTitle(SampleTestTest.java:9)
at com.cba.samplepackage.SampleTestTest.validateTitle(SampleTestTest.java:9)
at com.cba.samplepackage.SampleTestTest.validateTitle(SampleTestTest.java:9)
at com.cba.samplepackage.SampleTestTest.validateTitle(SampleTestTest.java:9)
at com.cba.samplepackage.SampleTestTest.validateTitle(SampleTestTest.java:9)
at com.cba.samplepackage.SampleTestTest.validateTitle(SampleTestTest.java:9)
at com.cba.samplepackage.SampleTestTest.validateTitle(SampleTestTest.java:9)
at com.cba.samplepackage.SampleTestTest.validateTitle(SampleTestTest.java:9)
at com.cba.samplepackage.SampleTestTest.validateTitle(SampleTestTest.java:9)
at com.cba.samplepackage.SampleTestTest.validateTitle(SampleTestTest.java:9)
at com.cba.samplepackage.SampleTestTest.validateTitle(SampleTestTest.java:9)
at com.cba.samplepackage.SampleTestTest.validateTitle(SampleTestTest.java:9)
at com.cba.samplepackage.SampleTestTest.validateTitle(SampleTestTest.java:9)
at com.cba.samplepackage.SampleTestTest.validateTitle(SampleTestTest.java:9)
at com.cba.samplepackage.SampleTestTest.validateTitle(SampleTestTest.java:9)
at com.cba.samplepackage.SampleTestTest.validateTitle(SampleTestTest.java:9)
at com.cba.samplepackage.SampleTestTest.validateTitle(SampleTestTest.java:9)
at com.cba.samplepackage.SampleTestTest.validateTitle(SampleTestTest.java:9)
at com.cba.samplepackage.SampleTestTest.validateTitle(SampleTestTest.java:9)
at com.cba.samplepackage.SampleTestTest.validateTitle(SampleTestTest.java:9)
at com.cba.samplepackage.SampleTestTest.validateTitle(SampleTestTest.java:9)
at com.cba.samplepackage.SampleTestTest.validateTitle(SampleTestTest.java:9)
at com.cba.samplepackage.SampleTestTest.validateTitle(SampleTestTest.java:9)
at com.cba.samplepackage.SampleTestTest.validateTitle(SampleTestTest.java:9)
at com.cba.samplepackage.SampleTestTest.validateTitle(SampleTestTest.java:9)
at com.cba.samplepackage.SampleTestTest.validateTitle(SampleTestTest.java:9)
at com.cba.samplepackage.SampleTestTest.validateTitle(SampleTestTest.java:9)
at com.cba.samplepackage.SampleTestTest.validateTitle(SampleTestTest.java:9)
at com.cba.samplepackage.SampleTestTest.validateTitle(SampleTestTest.java:9)
at com.cba.samplepackage.SampleTestTest.validateTitle(SampleTestTest.java:9)
at com.cba.samplepackage.SampleTestTest.validateTitle(SampleTestTest.java:9)
at com.cba.samplepackage.SampleTestTest.validateTitle(SampleTestTest.java:9)
at com.cba.samplepackage.SampleTestTest.validateTitle(SampleTestTest.java:9)
at com.cba.samplepackage.SampleTestTest.validateTitle(SampleTestTest.java:9)
at com.cba.samplepackage.SampleTestTest.validateTitle(SampleTestTest.java:9)
at com.cba.samplepackage.SampleTestTest.validateTitle(SampleTestTest.java:9)
at com.cba.samplepackage.SampleTestTest.validateTitle(SampleTestTest.java:9)
at com.cba.samplepackage.SampleTestTest.validateTitle(SampleTestTest.java:9)
at com.cba.samplepackage.SampleTestTest.validateTitle(SampleTestTest.java:9)
at com.cba.samplepackage.SampleTestTest.validateTitle(SampleTestTest.java:9)
at com.cba.samplepackage.SampleTestTest.validateTitle(SampleTestTest.java:9)
at com.cba.samplepackage.SampleTestTest.validateTitle(SampleTestTest.java:9)
at com.cba.samplepackage.SampleTestTest.validateTitle(SampleTestTest.java:9)
at com.cba.samplepackage.SampleTestTest.validateTitle(SampleTestTest.java:9)
at com.cba.samplepackage.SampleTestTest.validateTitle(SampleTestTest.java:9)
at com.cba.samplepackage.SampleTestTest.validateTitle(SampleTestTest.java:9)
at com.cba.samplepackage.SampleTestTest.validateTitle(SampleTestTest.java:9)
at com.cba.samplepackage.SampleTestTest.validateTitle(SampleTestTest.java:9)
at com.cba.samplepackage.SampleTestTest.validateTitle(SampleTestTest.java:9)
at com.cba.samplepackage.SampleTestTest.validateTitle(SampleTestTest.java:9)
at com.cba.samplepackage.SampleTestTest.validateTitle(SampleTestTest.java:9)
at com.cba.samplepackage.SampleTestTest.validateTitle(SampleTestTest.java:9)
at com.cba.samplepackage.SampleTestTest.validateTitle(SampleTestTest.java:9)
at com.cba.samplepackage.SampleTestTest.validateTitle(SampleTestTest.java:9)
at com.cba.samplepackage.SampleTestTest.validateTitle(SampleTestTest.java:9)
at com.cba.samplepackage.SampleTestTest.validateTitle(SampleTestTest.java:9)
at com.cba.samplepackage.SampleTestTest.validateTitle(SampleTestTest.java:9)
at com.cba.samplepackage.SampleTestTest.validateTitle(SampleTestTest.java:9)
at com.cba.samplepackage.SampleTestTest.validateTitle(SampleTestTest.java:9)
at com.cba.samplepackage.SampleTestTest.validateTitle(SampleTestTest.java:9)
at com.cba.samplepackage.SampleTestTest.validateTitle(SampleTestTest.java:9)
at com.cba.samplepackage.SampleTestTest.validateTitle(SampleTestTest.java:9)
at com.cba.samplepackage.SampleTestTest.validateTitle(SampleTestTest.java:9)
at com.cba.samplepackage.SampleTestTest.validateTitle(SampleTestTest.java:9)
at com.cba.samplepackage.SampleTestTest.validateTitle(SampleTestTest.java:9)
at com.cba.samplepackage.SampleTestTest.validateTitle(SampleTestTest.java:9)
at com.cba.samplepackage.SampleTestTest.validateTitle(SampleTestTest.java:9)
at com.cba.samplepackage.SampleTestTest.validateTitle(SampleTestTest.java:9)
at com.cba.samplepackage.SampleTestTest.validateTitle(SampleTestTest.java:9)
at com.cba.samplepackage.SampleTestTest.validateTitle(SampleTestTest.java:9)
at com.cba.samplepackage.SampleTestTest.validateTitle(SampleTestTest.java:9)
at com.cba.samplepackage.SampleTestTest.validateTitle(SampleTestTest.java:9)
at com.cba.samplepackage.SampleTestTest.validateTitle(SampleTestTest.java:9)
at com.cba.samplepackage.SampleTestTest.validateTitle(SampleTestTest.java:9)
at com.cba.samplepackage.SampleTestTest.validateTitle(SampleTestTest.java:9)
at com.cba.samplepackage.SampleTestTest.validateTitle(SampleTestTest.java:9)
at com.cba.samplepackage.SampleTestTest.validateTitle(SampleTestTest.java:9)
at com.cba.samplepackage.SampleTestTest.validateTitle(SampleTestTest.java:9)
at com.cba.samplepackage.SampleTestTest.validateTitle(SampleTestTest.java:9)
at com.cba.samplepackage.SampleTestTest.validateTitle(SampleTestTest.java:9)
at com.cba.samplepackage.SampleTestTest.validateTitle(SampleTestTest.java:9)
at com.cba.samplepackage.SampleTestTest.validateTitle(SampleTestTest.java:9)
at com.cba.samplepackage.SampleTestTest.validateTitle(SampleTestTest.java:9)
at com.cba.samplepackage.SampleTestTest.validateTitle(SampleTestTest.java:9)
at com.cba.samplepackage.SampleTestTest.validateTitle(SampleTestTest.java:9)
at com.cba.samplepackage.SampleTestTest.validateTitle(SampleTestTest.java:9)
at com.cba.samplepackage.SampleTestTest.validateTitle(SampleTestTest.java:9)
at com.cba.samplepackage.SampleTestTest.validateTitle(SampleTestTest.java:9)
at com.cba.samplepackage.SampleTestTest.validateTitle(SampleTestTest.java:9)
at com.cba.samplepackage.SampleTestTest.validateTitle(SampleTestTest.java:9)
at com.cba.samplepackage.SampleTestTest.validateTitle(SampleTestTest.java:9)
at com.cba.samplepackage.SampleTestTest.validateTitle(SampleTestTest.java:9)
at com.cba.samplepackage.SampleTestTest.validateTitle(SampleTestTest.java:9)
at com.cba.samplepackage.SampleTestTest.validateTitle(SampleTestTest.java:9)
at com.cba.samplepackage.SampleTestTest.validateTitle(SampleTestTest.java:9)
at com.cba.samplepackage.SampleTestTest.validateTitle(SampleTestTest.java:9)
at com.cba.samplepackage.SampleTestTest.validateTitle(SampleTestTest.java:9)
at com.cba.samplepackage.SampleTestTest.validateTitle(SampleTestTest.java:9)
at com.cba.samplepackage.SampleTestTest.validateTitle(SampleTestTest.java:9)
at com.cba.samplepackage.SampleTestTest.validateTitle(SampleTestTest.java:9)
at com.cba.samplepackage.SampleTestTest.validateTitle(SampleTestTest.java:9)
at com.cba.samplepackage.SampleTestTest.validateTitle(SampleTestTest.java:9)
at com.cba.samplepackage.SampleTestTest.validateTitle(SampleTestTest.java:9)
at com.cba.samplepackage.SampleTestTest.validateTitle(SampleTestTest.java:9)
at com.cba.samplepackage.SampleTestTest.validateTitle(SampleTestTest.java:9)
at com.cba.samplepackage.SampleTestTest.validateTitle(SampleTestTest.java:9)
at com.cba.samplepackage.SampleTestTest.validateTitle(SampleTestTest.java:9)
at com.cba.samplepackage.SampleTestTest.validateTitle(SampleTestTest.java:9)
at com.cba.samplepackage.SampleTestTest.validateTitle(SampleTestTest.java:9)
at com.cba.samplepackage.SampleTestTest.validateTitle(SampleTestTest.java:9)
at com.cba.samplepackage.SampleTestTest.validateTitle(SampleTestTest.java:9)
at com.cba.samplepackage.SampleTestTest.validateTitle(SampleTestTest.java:9)
at com.cba.samplepackage.SampleTestTest.validateTitle(SampleTestTest.java:9)
at com.cba.samplepackage.SampleTestTest.validateTitle(SampleTestTest.java:9)
at com.cba.samplepackage.SampleTestTest.validateTitle(SampleTestTest.java:9)
at com.cba.samplepackage.SampleTestTest.validateTitle(SampleTestTest.java:9)
at com.cba.samplepackage.SampleTestTest.validateTitle(SampleTestTest.java:9)
at com.cba.samplepackage.SampleTestTest.validateTitle(SampleTestTest.java:9)
at com.cba.samplepackage.SampleTestTest.validateTitle(SampleTestTest.java:9)
at com.cba.samplepackage.SampleTestTest.validateTitle(SampleTestTest.java:9)
at com.cba.samplepackage.SampleTestTest.validateTitle(SampleTestTest.java:9)
at com.cba.samplepackage.SampleTestTest.validateTitle(SampleTestTest.java:9)
at com.cba.samplepackage.SampleTestTest.validateTitle(SampleTestTest.java:9)
at com.cba.samplepackage.SampleTestTest.validateTitle(SampleTestTest.java:9)
at com.cba.samplepackage.SampleTestTest.validateTitle(SampleTestTest.java:9)
at com.cba.samplepackage.SampleTestTest.validateTitle(SampleTestTest.java:9)
at com.cba.samplepackage.SampleTestTest.validateTitle(SampleTestTest.java:9)
at com.cba.samplepackage.SampleTestTest.validateTitle(SampleTestTest.java:9)
at com.cba.samplepackage.SampleTestTest.validateTitle(SampleTestTest.java:9)
]]>
    </error>
  </testcase> <!-- validateTitle -->
</testsuite> <!-- com.cba.samplepackage.SampleTestTest -->
