<?xml version="1.0" encoding="UTF-8"?>
<!-- Generated by org.testng.reporters.JUnitReportReporter -->
<testsuite skipped="0" hostname="Srikanths-MacBook-Pro.local" name="com.cba.samplepackage.SampleTestNGTest" tests="1" failures="0" timestamp="18 Apr 2018 17:37:55 GMT" time="4.512" errors="0">
  <testcase name="testPageTitle" time="4.512" classname="com.cba.samplepackage.SampleTestNGTest"/>
</testsuite> <!-- com.cba.samplepackage.SampleTestNGTest -->
